[0303/124403.553:ERROR:process_reader_win.cc(123)] NtOpenThread: {Access Denied} A process has requested access to an object, but has not been granted those access rights. (0xc0000022)
[0303/124403.594:ERROR:exception_snapshot_win.cc(98)] thread ID 5276 not found in process
[0303/124845.088:ERROR:process_info.cc(329)] VirtualQueryEx: Access is denied. (0x5)
[0303/124845.089:ERROR:process_info.cc(556)] ReadMemoryInfo failed
[0303/124845.090:ERROR:process_info.cc(329)] VirtualQueryEx: Access is denied. (0x5)
[0303/124845.090:ERROR:process_info.cc(556)] ReadMemoryInfo failed
[0303/124845.089:ERROR:scoped_process_suspend.cc(40)] NtResumeProcess: An attempt was made to access an exiting process. (0xc000010a)
[0303/124845.090:ERROR:scoped_process_suspend.cc(40)] NtResumeProcess: An attempt was made to access an exiting process. (0xc000010a)
[0303/125540.830:ERROR:process_reader_win.cc(123)] NtOpenThread: {Access Denied} A process has requested access to an object, but has not been granted those access rights. (0xc0000022)
[0303/125540.844:ERROR:exception_snapshot_win.cc(98)] thread ID 17224 not found in process
[0303/125540.862:ERROR:process_reader_win.cc(123)] NtOpenThread: {Access Denied} A process has requested access to an object, but has not been granted those access rights. (0xc0000022)
[0303/125540.862:ERROR:exception_snapshot_win.cc(98)] thread ID 1628 not found in process
[0303/125540.862:ERROR:scoped_process_suspend.cc(40)] NtResumeProcess: An attempt was made to access an exiting process. (0xc000010a)
[0303/130835.793:ERROR:process_reader_win.cc(123)] NtOpenThread: {Access Denied} A process has requested access to an object, but has not been granted those access rights. (0xc0000022)
[0303/130835.811:ERROR:exception_snapshot_win.cc(98)] thread ID 13060 not found in process
[0303/130835.940:ERROR:process_reader_win.cc(123)] NtOpenThread: {Access Denied} A process has requested access to an object, but has not been granted those access rights. (0xc0000022)
[0303/130835.940:ERROR:exception_snapshot_win.cc(98)] thread ID 9904 not found in process
[0303/131243.937:ERROR:process_reader_win.cc(123)] NtOpenThread: {Access Denied} A process has requested access to an object, but has not been granted those access rights. (0xc0000022)
[0303/131243.938:ERROR:exception_snapshot_win.cc(98)] thread ID 16008 not found in process
[0303/131243.991:ERROR:process_reader_win.cc(123)] NtOpenThread: {Access Denied} A process has requested access to an object, but has not been granted those access rights. (0xc0000022)
[0303/131243.991:ERROR:exception_snapshot_win.cc(98)] thread ID 6784 not found in process
[0303/131502.854:ERROR:process_reader_win.cc(123)] NtOpenThread: {Access Denied} A process has requested access to an object, but has not been granted those access rights. (0xc0000022)
[0303/131502.855:ERROR:exception_snapshot_win.cc(98)] thread ID 13072 not found in process
[0303/131502.908:ERROR:process_info.cc(329)] VirtualQueryEx: Access is denied. (0x5)
[0303/131502.908:ERROR:process_info.cc(556)] ReadMemoryInfo failed
[0303/131502.908:ERROR:process_memory_win.cc(39)] Failed to initialize ProcessInfo.
[0303/131502.909:ERROR:scoped_process_suspend.cc(40)] NtResumeProcess: An attempt was made to access an exiting process. (0xc000010a)
[0303/131751.936:ERROR:process_reader_win.cc(123)] NtOpenThread: {Access Denied} A process has requested access to an object, but has not been granted those access rights. (0xc0000022)
[0303/131751.937:ERROR:exception_snapshot_win.cc(98)] thread ID 17300 not found in process
[0303/131751.954:ERROR:process_reader_win.cc(123)] NtOpenThread: {Access Denied} A process has requested access to an object, but has not been granted those access rights. (0xc0000022)
[0303/131751.954:ERROR:exception_snapshot_win.cc(98)] thread ID 12620 not found in process
[0303/135229.133:ERROR:process_reader_win.cc(123)] NtOpenThread: {Access Denied} A process has requested access to an object, but has not been granted those access rights. (0xc0000022)
[0303/135229.148:ERROR:process_reader_win.cc(123)] NtOpenThread: {Access Denied} A process has requested access to an object, but has not been granted those access rights. (0xc0000022)
[0303/135229.164:ERROR:exception_snapshot_win.cc(98)] thread ID 1088 not found in process
[0303/135229.164:ERROR:exception_snapshot_win.cc(98)] thread ID 10988 not found in process
[0303/140547.242:ERROR:process_reader_win.cc(123)] NtOpenThread: {Access Denied} A process has requested access to an object, but has not been granted those access rights. (0xc0000022)
[0303/140547.242:ERROR:process_reader_win.cc(123)] NtOpenThread: {Access Denied} A process has requested access to an object, but has not been granted those access rights. (0xc0000022)
[0303/140547.275:ERROR:exception_snapshot_win.cc(98)] thread ID 4512 not found in process
[0303/140547.275:ERROR:exception_snapshot_win.cc(98)] thread ID 10108 not found in process
[0303/141918.235:ERROR:process_reader_win.cc(123)] NtOpenThread: {Access Denied} A process has requested access to an object, but has not been granted those access rights. (0xc0000022)
[0303/141918.266:ERROR:exception_snapshot_win.cc(98)] thread ID 16132 not found in process
[0303/141918.298:ERROR:process_reader_win.cc(123)] NtOpenThread: {Access Denied} A process has requested access to an object, but has not been granted those access rights. (0xc0000022)
[0303/141918.298:ERROR:exception_snapshot_win.cc(98)] thread ID 1224 not found in process
[0303/142807.235:ERROR:process_info.cc(329)] VirtualQueryEx: Access is denied. (0x5)
[0303/142807.251:ERROR:process_info.cc(556)] ReadMemoryInfo failed
[0303/142807.251:ERROR:scoped_process_suspend.cc(40)] NtResumeProcess: An attempt was made to access an exiting process. (0xc000010a)
[0303/143453.290:ERROR:process_reader_win.cc(123)] NtOpenThread: {Access Denied} A process has requested access to an object, but has not been granted those access rights. (0xc0000022)
[0303/143453.306:ERROR:exception_snapshot_win.cc(98)] thread ID 11492 not found in process
[0303/143453.334:ERROR:process_info.cc(329)] VirtualQueryEx: Access is denied. (0x5)
[0303/143453.334:ERROR:process_info.cc(556)] ReadMemoryInfo failed
[0303/143453.334:ERROR:scoped_process_suspend.cc(40)] NtResumeProcess: An attempt was made to access an exiting process. (0xc000010a)
[0303/143656.818:ERROR:process_reader_win.cc(123)] NtOpenThread: {Access Denied} A process has requested access to an object, but has not been granted those access rights. (0xc0000022)
[0303/143656.842:ERROR:exception_snapshot_win.cc(98)] thread ID 7004 not found in process
[0303/143656.910:ERROR:process_reader_win.cc(123)] NtOpenThread: {Access Denied} A process has requested access to an object, but has not been granted those access rights. (0xc0000022)
[0303/143656.910:ERROR:exception_snapshot_win.cc(98)] thread ID 11712 not found in process
[0303/220024.615:ERROR:process_reader_win.cc(123)] NtOpenThread: {Access Denied} A process has requested access to an object, but has not been granted those access rights. (0xc0000022)
[0303/220024.671:ERROR:exception_snapshot_win.cc(98)] thread ID 11920 not found in process
[0303/220024.718:ERROR:process_reader_win.cc(123)] NtOpenThread: {Access Denied} A process has requested access to an object, but has not been granted those access rights. (0xc0000022)
[0303/220024.718:ERROR:exception_snapshot_win.cc(98)] thread ID 6268 not found in process
[0304/004754.630:ERROR:process_reader_win.cc(123)] NtOpenThread: {Access Denied} A process has requested access to an object, but has not been granted those access rights. (0xc0000022)
[0304/004754.958:ERROR:exception_snapshot_win.cc(98)] thread ID 7048 not found in process
[0304/004755.017:ERROR:process_reader_win.cc(123)] NtOpenThread: {Access Denied} A process has requested access to an object, but has not been granted those access rights. (0xc0000022)
[0304/004755.017:ERROR:exception_snapshot_win.cc(98)] thread ID 16968 not found in process
[0304/020028.278:ERROR:process_reader_win.cc(123)] NtOpenThread: {Access Denied} A process has requested access to an object, but has not been granted those access rights. (0xc0000022)
[0304/020028.640:ERROR:exception_snapshot_win.cc(98)] thread ID 8556 not found in process
[0304/020029.764:ERROR:process_reader_win.cc(123)] NtOpenThread: {Access Denied} A process has requested access to an object, but has not been granted those access rights. (0xc0000022)
[0304/020029.764:ERROR:exception_snapshot_win.cc(98)] thread ID 13844 not found in process
[0304/020226.735:ERROR:process_reader_win.cc(151)] SuspendThread: Access is denied. (0x5)
[0304/020226.735:ERROR:process_reader_win.cc(123)] NtOpenThread: {Access Denied} A process has requested access to an object, but has not been granted those access rights. (0xc0000022)
[0304/020226.735:ERROR:exception_snapshot_win.cc(98)] thread ID 5112 not found in process
[0304/020226.823:ERROR:process_reader_win.cc(123)] NtOpenThread: {Access Denied} A process has requested access to an object, but has not been granted those access rights. (0xc0000022)
[0304/020226.823:ERROR:exception_snapshot_win.cc(98)] thread ID 8316 not found in process
[0304/020226.855:ERROR:process_info.cc(329)] VirtualQueryEx: Access is denied. (0x5)
[0304/020226.855:ERROR:process_info.cc(556)] ReadMemoryInfo failed
[0304/020226.855:ERROR:process_memory_win.cc(39)] Failed to initialize ProcessInfo.
[0304/020226.855:ERROR:scoped_process_suspend.cc(40)] NtResumeProcess: An attempt was made to access an exiting process. (0xc000010a)
[0304/123807.007:ERROR:process_reader_win.cc(123)] NtOpenThread: {Access Denied} A process has requested access to an object, but has not been granted those access rights. (0xc0000022)
[0304/123807.282:ERROR:exception_snapshot_win.cc(98)] thread ID 16520 not found in process
[0304/123808.637:ERROR:process_reader_win.cc(123)] NtOpenThread: {Access Denied} A process has requested access to an object, but has not been granted those access rights. (0xc0000022)
[0304/123808.637:ERROR:exception_snapshot_win.cc(98)] thread ID 5100 not found in process
[0304/135631.473:ERROR:process_reader_win.cc(123)] NtOpenThread: {Access Denied} A process has requested access to an object, but has not been granted those access rights. (0xc0000022)
[0304/135631.544:ERROR:exception_snapshot_win.cc(98)] thread ID 8292 not found in process
[0304/135631.561:ERROR:process_reader_win.cc(123)] NtOpenThread: {Access Denied} A process has requested access to an object, but has not been granted those access rights. (0xc0000022)
[0304/135631.561:ERROR:exception_snapshot_win.cc(98)] thread ID 17008 not found in process
[0304/140414.924:ERROR:process_reader_win.cc(123)] NtOpenThread: {Access Denied} A process has requested access to an object, but has not been granted those access rights. (0xc0000022)
[0304/140414.959:ERROR:process_reader_win.cc(123)] NtOpenThread: {Access Denied} A process has requested access to an object, but has not been granted those access rights. (0xc0000022)
[0304/140414.975:ERROR:exception_snapshot_win.cc(98)] thread ID 11428 not found in process
[0304/140414.975:ERROR:exception_snapshot_win.cc(98)] thread ID 14096 not found in process
[0304/155533.115:ERROR:process_reader_win.cc(123)] NtOpenThread: {Access Denied} A process has requested access to an object, but has not been granted those access rights. (0xc0000022)
[0304/155533.115:ERROR:process_reader_win.cc(123)] NtOpenThread: {Access Denied} A process has requested access to an object, but has not been granted those access rights. (0xc0000022)
[0304/155533.115:ERROR:exception_snapshot_win.cc(98)] thread ID 9764 not found in process
[0304/155533.115:ERROR:exception_snapshot_win.cc(98)] thread ID 940 not found in process
[0304/155533.177:ERROR:process_reader_win.cc(123)] NtOpenThread: {Access Denied} A process has requested access to an object, but has not been granted those access rights. (0xc0000022)
[0304/155533.177:ERROR:exception_snapshot_win.cc(98)] thread ID 16208 not found in process
[0304/162041.038:ERROR:process_reader_win.cc(123)] NtOpenThread: {Access Denied} A process has requested access to an object, but has not been granted those access rights. (0xc0000022)
[0304/162041.068:ERROR:exception_snapshot_win.cc(98)] thread ID 11992 not found in process
[0304/162041.100:ERROR:process_reader_win.cc(123)] NtOpenThread: {Access Denied} A process has requested access to an object, but has not been granted those access rights. (0xc0000022)
[0304/162041.100:ERROR:exception_snapshot_win.cc(98)] thread ID 14440 not found in process
[0304/211952.854:ERROR:process_reader_win.cc(123)] NtOpenThread: {Access Denied} A process has requested access to an object, but has not been granted those access rights. (0xc0000022)
[0304/211952.865:ERROR:exception_snapshot_win.cc(98)] thread ID 6456 not found in process
[0304/211952.876:ERROR:process_info.cc(329)] VirtualQueryEx: Access is denied. (0x5)
[0304/211952.877:ERROR:process_info.cc(556)] ReadMemoryInfo failed
[0304/211952.877:ERROR:process_memory_win.cc(39)] Failed to initialize ProcessInfo.
[0304/211952.877:ERROR:scoped_process_suspend.cc(40)] NtResumeProcess: An attempt was made to access an exiting process. (0xc000010a)
[0304/212119.688:ERROR:process_reader_win.cc(123)] NtOpenThread: {Access Denied} A process has requested access to an object, but has not been granted those access rights. (0xc0000022)
[0304/212119.701:ERROR:exception_snapshot_win.cc(98)] thread ID 16212 not found in process
[0304/212119.779:ERROR:process_reader_win.cc(123)] NtOpenThread: {Access Denied} A process has requested access to an object, but has not been granted those access rights. (0xc0000022)
[0304/212119.779:ERROR:exception_snapshot_win.cc(98)] thread ID 15900 not found in process
[0304/212556.500:ERROR:process_reader_win.cc(123)] NtOpenThread: {Access Denied} A process has requested access to an object, but has not been granted those access rights. (0xc0000022)
[0304/212556.520:ERROR:exception_snapshot_win.cc(98)] thread ID 4376 not found in process
[0304/212556.581:ERROR:process_reader_win.cc(123)] NtOpenThread: {Access Denied} A process has requested access to an object, but has not been granted those access rights. (0xc0000022)
[0304/212556.581:ERROR:exception_snapshot_win.cc(98)] thread ID 16596 not found in process
[0304/213144.517:ERROR:process_reader_win.cc(123)] NtOpenThread: {Access Denied} A process has requested access to an object, but has not been granted those access rights. (0xc0000022)
[0304/213144.529:ERROR:exception_snapshot_win.cc(98)] thread ID 15116 not found in process
[0304/213144.568:ERROR:process_reader_win.cc(123)] NtOpenThread: {Access Denied} A process has requested access to an object, but has not been granted those access rights. (0xc0000022)
[0304/213144.568:ERROR:exception_snapshot_win.cc(98)] thread ID 6356 not found in process
[0304/213948.204:ERROR:process_reader_win.cc(123)] NtOpenThread: {Access Denied} A process has requested access to an object, but has not been granted those access rights. (0xc0000022)
[0304/213948.218:ERROR:process_reader_win.cc(123)] NtOpenThread: {Access Denied} A process has requested access to an object, but has not been granted those access rights. (0xc0000022)
[0304/213948.237:ERROR:exception_snapshot_win.cc(98)] thread ID 9172 not found in process
[0304/213948.237:ERROR:exception_snapshot_win.cc(98)] thread ID 6028 not found in process
[0304/214736.725:ERROR:process_info.cc(329)] VirtualQueryEx: Access is denied. (0x5)
[0304/214736.934:ERROR:process_info.cc(556)] ReadMemoryInfo failed
[0304/214736.934:ERROR:scoped_process_suspend.cc(40)] NtResumeProcess: An attempt was made to access an exiting process. (0xc000010a)
[0304/214908.255:ERROR:process_reader_win.cc(123)] NtOpenThread: {Access Denied} A process has requested access to an object, but has not been granted those access rights. (0xc0000022)
[0304/214908.259:ERROR:process_reader_win.cc(123)] NtOpenThread: {Access Denied} A process has requested access to an object, but has not been granted those access rights. (0xc0000022)
[0304/214908.274:ERROR:exception_snapshot_win.cc(98)] thread ID 8672 not found in process
[0304/214908.274:ERROR:exception_snapshot_win.cc(98)] thread ID 5060 not found in process
[0304/215113.428:ERROR:process_reader_win.cc(123)] NtOpenThread: {Access Denied} A process has requested access to an object, but has not been granted those access rights. (0xc0000022)
[0304/215113.462:ERROR:exception_snapshot_win.cc(98)] thread ID 13928 not found in process
[0304/215113.519:ERROR:process_reader_win.cc(123)] NtOpenThread: {Access Denied} A process has requested access to an object, but has not been granted those access rights. (0xc0000022)
[0304/215113.520:ERROR:exception_snapshot_win.cc(98)] thread ID 9060 not found in process
[0304/215509.317:ERROR:process_reader_win.cc(123)] NtOpenThread: {Access Denied} A process has requested access to an object, but has not been granted those access rights. (0xc0000022)
[0304/215509.330:ERROR:exception_snapshot_win.cc(98)] thread ID 4904 not found in process
[0304/215509.361:ERROR:process_reader_win.cc(123)] NtOpenThread: {Access Denied} A process has requested access to an object, but has not been granted those access rights. (0xc0000022)
[0304/215509.361:ERROR:exception_snapshot_win.cc(98)] thread ID 548 not found in process
[0304/221028.362:ERROR:process_reader_win.cc(123)] NtOpenThread: {Access Denied} A process has requested access to an object, but has not been granted those access rights. (0xc0000022)
[0304/221028.383:ERROR:exception_snapshot_win.cc(98)] thread ID 14796 not found in process
[0304/221028.440:ERROR:process_reader_win.cc(123)] NtOpenThread: {Access Denied} A process has requested access to an object, but has not been granted those access rights. (0xc0000022)
[0304/221028.440:ERROR:exception_snapshot_win.cc(98)] thread ID 10512 not found in process
[0304/222243.646:ERROR:process_reader_win.cc(123)] NtOpenThread: {Access Denied} A process has requested access to an object, but has not been granted those access rights. (0xc0000022)
[0304/222243.647:ERROR:exception_snapshot_win.cc(98)] thread ID 9560 not found in process
[0304/222243.697:ERROR:process_reader_win.cc(123)] NtOpenThread: {Access Denied} A process has requested access to an object, but has not been granted those access rights. (0xc0000022)
[0304/222243.697:ERROR:exception_snapshot_win.cc(98)] thread ID 13904 not found in process
[0304/222243.783:ERROR:process_reader_win.cc(123)] NtOpenThread: {Access Denied} A process has requested access to an object, but has not been granted those access rights. (0xc0000022)
[0304/222243.802:ERROR:exception_snapshot_win.cc(98)] thread ID 17344 not found in process
[0304/224937.711:ERROR:process_reader_win.cc(123)] NtOpenThread: {Access Denied} A process has requested access to an object, but has not been granted those access rights. (0xc0000022)
[0304/224937.734:ERROR:exception_snapshot_win.cc(98)] thread ID 8324 not found in process
[0304/224937.807:ERROR:process_reader_win.cc(123)] NtOpenThread: {Access Denied} A process has requested access to an object, but has not been granted those access rights. (0xc0000022)
[0304/224937.807:ERROR:exception_snapshot_win.cc(98)] thread ID 12620 not found in process
[0304/224937.807:ERROR:process_reader_win.cc(123)] NtOpenThread: {Access Denied} A process has requested access to an object, but has not been granted those access rights. (0xc0000022)
[0304/224937.807:ERROR:exception_snapshot_win.cc(98)] thread ID 8320 not found in process
[0304/225904.309:ERROR:process_info.cc(329)] VirtualQueryEx: Access is denied. (0x5)
[0304/225904.327:ERROR:process_info.cc(556)] ReadMemoryInfo failed
[0304/225904.328:ERROR:scoped_process_suspend.cc(40)] NtResumeProcess: An attempt was made to access an exiting process. (0xc000010a)
[0304/225943.955:ERROR:process_reader_win.cc(123)] NtOpenThread: {Access Denied} A process has requested access to an object, but has not been granted those access rights. (0xc0000022)
[0304/225943.973:ERROR:exception_snapshot_win.cc(98)] thread ID 9028 not found in process
[0304/225944.089:ERROR:process_reader_win.cc(123)] NtOpenThread: {Access Denied} A process has requested access to an object, but has not been granted those access rights. (0xc0000022)
[0304/225944.089:ERROR:exception_snapshot_win.cc(98)] thread ID 16676 not found in process
[0304/230158.271:ERROR:process_reader_win.cc(123)] NtOpenThread: {Access Denied} A process has requested access to an object, but has not been granted those access rights. (0xc0000022)
[0304/230158.298:ERROR:exception_snapshot_win.cc(98)] thread ID 6784 not found in process
[0304/230158.352:ERROR:process_reader_win.cc(123)] NtOpenThread: {Access Denied} A process has requested access to an object, but has not been granted those access rights. (0xc0000022)
[0304/230158.352:ERROR:exception_snapshot_win.cc(98)] thread ID 10912 not found in process
[0304/230254.338:ERROR:process_reader_win.cc(123)] NtOpenThread: {Access Denied} A process has requested access to an object, but has not been granted those access rights. (0xc0000022)
[0304/230254.356:ERROR:exception_snapshot_win.cc(98)] thread ID 7372 not found in process
[0304/230254.401:ERROR:process_reader_win.cc(123)] NtOpenThread: {Access Denied} A process has requested access to an object, but has not been granted those access rights. (0xc0000022)
[0304/230254.401:ERROR:exception_snapshot_win.cc(98)] thread ID 14112 not found in process
[0304/230349.680:ERROR:process_reader_win.cc(123)] NtOpenThread: {Access Denied} A process has requested access to an object, but has not been granted those access rights. (0xc0000022)
[0304/230349.698:ERROR:exception_snapshot_win.cc(98)] thread ID 13932 not found in process
[0304/230349.761:ERROR:process_reader_win.cc(123)] NtOpenThread: {Access Denied} A process has requested access to an object, but has not been granted those access rights. (0xc0000022)
[0304/230349.761:ERROR:exception_snapshot_win.cc(98)] thread ID 12184 not found in process
[0304/230444.453:ERROR:process_reader_win.cc(123)] NtOpenThread: {Access Denied} A process has requested access to an object, but has not been granted those access rights. (0xc0000022)
[0304/230444.456:ERROR:exception_snapshot_win.cc(98)] thread ID 15884 not found in process
[0304/230444.500:ERROR:process_reader_win.cc(123)] NtOpenThread: {Access Denied} A process has requested access to an object, but has not been granted those access rights. (0xc0000022)
[0304/230444.500:ERROR:exception_snapshot_win.cc(98)] thread ID 2836 not found in process
[0304/230546.850:ERROR:process_reader_win.cc(123)] NtOpenThread: {Access Denied} A process has requested access to an object, but has not been granted those access rights. (0xc0000022)
[0304/230546.850:ERROR:exception_snapshot_win.cc(98)] thread ID 11956 not found in process
[0304/230546.956:ERROR:process_reader_win.cc(123)] NtOpenThread: {Access Denied} A process has requested access to an object, but has not been granted those access rights. (0xc0000022)
[0304/230546.956:ERROR:exception_snapshot_win.cc(98)] thread ID 14196 not found in process
[0304/231136.796:ERROR:process_reader_win.cc(123)] NtOpenThread: {Access Denied} A process has requested access to an object, but has not been granted those access rights. (0xc0000022)
[0304/231136.826:ERROR:exception_snapshot_win.cc(98)] thread ID 11956 not found in process
[0304/231136.830:ERROR:process_reader_win.cc(123)] NtOpenThread: {Access Denied} A process has requested access to an object, but has not been granted those access rights. (0xc0000022)
[0304/231136.830:ERROR:exception_snapshot_win.cc(98)] thread ID 4992 not found in process
[0304/231313.554:ERROR:process_reader_win.cc(123)] NtOpenThread: {Access Denied} A process has requested access to an object, but has not been granted those access rights. (0xc0000022)
[0304/231313.555:ERROR:exception_snapshot_win.cc(98)] thread ID 11624 not found in process
[0304/231313.621:ERROR:process_reader_win.cc(123)] NtOpenThread: {Access Denied} A process has requested access to an object, but has not been granted those access rights. (0xc0000022)
[0304/231313.621:ERROR:exception_snapshot_win.cc(98)] thread ID 8920 not found in process
[0304/231429.027:ERROR:process_reader_win.cc(123)] NtOpenThread: {Access Denied} A process has requested access to an object, but has not been granted those access rights. (0xc0000022)
[0304/231429.027:ERROR:exception_snapshot_win.cc(98)] thread ID 9368 not found in process
[0304/231429.131:ERROR:process_reader_win.cc(123)] NtOpenThread: {Access Denied} A process has requested access to an object, but has not been granted those access rights. (0xc0000022)
[0304/231429.131:ERROR:exception_snapshot_win.cc(98)] thread ID 1108 not found in process
[0304/231607.825:ERROR:process_reader_win.cc(123)] NtOpenThread: {Access Denied} A process has requested access to an object, but has not been granted those access rights. (0xc0000022)
[0304/231607.825:ERROR:exception_snapshot_win.cc(98)] thread ID 15596 not found in process
[0304/231607.883:ERROR:process_reader_win.cc(123)] NtOpenThread: {Access Denied} A process has requested access to an object, but has not been granted those access rights. (0xc0000022)
[0304/231607.883:ERROR:exception_snapshot_win.cc(98)] thread ID 13436 not found in process
[0304/231655.700:ERROR:process_reader_win.cc(123)] NtOpenThread: {Access Denied} A process has requested access to an object, but has not been granted those access rights. (0xc0000022)
[0304/231655.700:ERROR:exception_snapshot_win.cc(98)] thread ID 7740 not found in process
[0304/231655.711:ERROR:process_reader_win.cc(123)] NtOpenThread: {Access Denied} A process has requested access to an object, but has not been granted those access rights. (0xc0000022)
[0304/231655.711:ERROR:exception_snapshot_win.cc(98)] thread ID 7608 not found in process
[0304/231925.057:ERROR:process_reader_win.cc(123)] NtOpenThread: {Access Denied} A process has requested access to an object, but has not been granted those access rights. (0xc0000022)
[0304/231925.074:ERROR:exception_snapshot_win.cc(98)] thread ID 11428 not found in process
[0304/231925.088:ERROR:process_reader_win.cc(123)] NtOpenThread: {Access Denied} A process has requested access to an object, but has not been granted those access rights. (0xc0000022)
[0304/231925.088:ERROR:exception_snapshot_win.cc(98)] thread ID 11044 not found in process
[0304/232044.918:ERROR:process_reader_win.cc(123)] NtOpenThread: {Access Denied} A process has requested access to an object, but has not been granted those access rights. (0xc0000022)
[0304/232044.919:ERROR:exception_snapshot_win.cc(98)] thread ID 16308 not found in process
[0304/232044.971:ERROR:process_reader_win.cc(123)] NtOpenThread: {Access Denied} A process has requested access to an object, but has not been granted those access rights. (0xc0000022)
[0304/232044.971:ERROR:exception_snapshot_win.cc(98)] thread ID 14276 not found in process
[0304/232133.965:ERROR:process_reader_win.cc(123)] NtOpenThread: {Access Denied} A process has requested access to an object, but has not been granted those access rights. (0xc0000022)
[0304/232133.966:ERROR:exception_snapshot_win.cc(98)] thread ID 7620 not found in process
[0304/232134.023:ERROR:process_reader_win.cc(123)] NtOpenThread: {Access Denied} A process has requested access to an object, but has not been granted those access rights. (0xc0000022)
[0304/232134.023:ERROR:exception_snapshot_win.cc(98)] thread ID 8244 not found in process
[0304/233022.021:ERROR:process_reader_win.cc(123)] NtOpenThread: {Access Denied} A process has requested access to an object, but has not been granted those access rights. (0xc0000022)
[0304/233022.033:ERROR:process_reader_win.cc(123)] NtOpenThread: {Access Denied} A process has requested access to an object, but has not been granted those access rights. (0xc0000022)
[0304/233022.052:ERROR:exception_snapshot_win.cc(98)] thread ID 16608 not found in process
[0304/233022.052:ERROR:exception_snapshot_win.cc(98)] thread ID 4284 not found in process
[0304/233135.547:ERROR:process_reader_win.cc(123)] NtOpenThread: {Access Denied} A process has requested access to an object, but has not been granted those access rights. (0xc0000022)
[0304/233135.548:ERROR:exception_snapshot_win.cc(98)] thread ID 4344 not found in process
[0304/233135.598:ERROR:process_reader_win.cc(123)] NtOpenThread: {Access Denied} A process has requested access to an object, but has not been granted those access rights. (0xc0000022)
[0304/233135.598:ERROR:exception_snapshot_win.cc(98)] thread ID 11408 not found in process
[0304/233135.639:ERROR:process_reader_win.cc(123)] NtOpenThread: {Access Denied} A process has requested access to an object, but has not been granted those access rights. (0xc0000022)
[0304/233135.639:ERROR:exception_snapshot_win.cc(98)] thread ID 7284 not found in process
[0304/233653.594:ERROR:process_reader_win.cc(123)] NtOpenThread: {Access Denied} A process has requested access to an object, but has not been granted those access rights. (0xc0000022)
[0304/233653.611:ERROR:exception_snapshot_win.cc(98)] thread ID 15884 not found in process
[0304/233653.635:ERROR:process_reader_win.cc(108)] process 10872 not found
[0304/233653.635:ERROR:exception_snapshot_win.cc(98)] thread ID 17272 not found in process
[0304/233653.635:ERROR:scoped_process_suspend.cc(40)] NtResumeProcess: An attempt was made to access an exiting process. (0xc000010a)
[0304/234248.878:ERROR:process_reader_win.cc(123)] NtOpenThread: {Access Denied} A process has requested access to an object, but has not been granted those access rights. (0xc0000022)
[0304/234248.890:ERROR:process_reader_win.cc(123)] NtOpenThread: {Access Denied} A process has requested access to an object, but has not been granted those access rights. (0xc0000022)
[0304/234248.897:ERROR:exception_snapshot_win.cc(98)] thread ID 17312 not found in process
[0304/234248.897:ERROR:exception_snapshot_win.cc(98)] thread ID 10796 not found in process
[0304/234519.160:ERROR:process_reader_win.cc(123)] NtOpenThread: {Access Denied} A process has requested access to an object, but has not been granted those access rights. (0xc0000022)
[0304/234519.180:ERROR:exception_snapshot_win.cc(98)] thread ID 6940 not found in process
[0304/234519.216:ERROR:process_reader_win.cc(123)] NtOpenThread: {Access Denied} A process has requested access to an object, but has not been granted those access rights. (0xc0000022)
[0304/234519.216:ERROR:exception_snapshot_win.cc(98)] thread ID 11248 not found in process
[0304/234637.651:ERROR:process_reader_win.cc(123)] NtOpenThread: {Access Denied} A process has requested access to an object, but has not been granted those access rights. (0xc0000022)
[0304/234637.655:ERROR:exception_snapshot_win.cc(98)] thread ID 9788 not found in process
[0304/234637.655:ERROR:process_reader_win.cc(123)] NtOpenThread: {Access Denied} A process has requested access to an object, but has not been granted those access rights. (0xc0000022)
[0304/234637.655:ERROR:exception_snapshot_win.cc(98)] thread ID 1172 not found in process
[0304/234827.528:ERROR:process_reader_win.cc(123)] NtOpenThread: {Access Denied} A process has requested access to an object, but has not been granted those access rights. (0xc0000022)
[0304/234827.528:ERROR:exception_snapshot_win.cc(98)] thread ID 15344 not found in process
[0304/234827.540:ERROR:process_reader_win.cc(123)] NtOpenThread: {Access Denied} A process has requested access to an object, but has not been granted those access rights. (0xc0000022)
[0304/234827.540:ERROR:exception_snapshot_win.cc(98)] thread ID 15052 not found in process
[0304/234910.934:ERROR:process_reader_win.cc(123)] NtOpenThread: {Access Denied} A process has requested access to an object, but has not been granted those access rights. (0xc0000022)
[0304/234910.934:ERROR:exception_snapshot_win.cc(98)] thread ID 6152 not found in process
[0304/234910.946:ERROR:process_reader_win.cc(123)] NtOpenThread: {Access Denied} A process has requested access to an object, but has not been granted those access rights. (0xc0000022)
[0304/234910.946:ERROR:exception_snapshot_win.cc(98)] thread ID 12348 not found in process
[0304/234910.946:ERROR:scoped_process_suspend.cc(40)] NtResumeProcess: An attempt was made to access an exiting process. (0xc000010a)
[0304/234947.577:ERROR:process_reader_win.cc(123)] NtOpenThread: {Access Denied} A process has requested access to an object, but has not been granted those access rights. (0xc0000022)
[0304/234947.577:ERROR:exception_snapshot_win.cc(98)] thread ID 6324 not found in process
[0304/234947.585:ERROR:process_reader_win.cc(123)] NtOpenThread: {Access Denied} A process has requested access to an object, but has not been granted those access rights. (0xc0000022)
[0304/234947.589:ERROR:exception_snapshot_win.cc(98)] thread ID 6128 not found in process
[0304/235335.326:ERROR:process_reader_win.cc(123)] NtOpenThread: {Access Denied} A process has requested access to an object, but has not been granted those access rights. (0xc0000022)
[0304/235335.361:ERROR:exception_snapshot_win.cc(98)] thread ID 10988 not found in process
[0304/235335.381:ERROR:process_reader_win.cc(123)] NtOpenThread: {Access Denied} A process has requested access to an object, but has not been granted those access rights. (0xc0000022)
[0304/235335.381:ERROR:exception_snapshot_win.cc(98)] thread ID 12104 not found in process
[0305/000348.338:ERROR:process_reader_win.cc(123)] NtOpenThread: {Access Denied} A process has requested access to an object, but has not been granted those access rights. (0xc0000022)
[0305/000348.356:ERROR:exception_snapshot_win.cc(98)] thread ID 15904 not found in process
[0305/000348.419:ERROR:process_reader_win.cc(123)] NtOpenThread: {Access Denied} A process has requested access to an object, but has not been granted those access rights. (0xc0000022)
[0305/000348.419:ERROR:exception_snapshot_win.cc(98)] thread ID 15356 not found in process
[0305/002341.364:ERROR:process_reader_win.cc(123)] NtOpenThread: {Access Denied} A process has requested access to an object, but has not been granted those access rights. (0xc0000022)
[0305/002341.397:ERROR:exception_snapshot_win.cc(98)] thread ID 4452 not found in process
[0305/002341.397:ERROR:process_reader_win.cc(123)] NtOpenThread: {Access Denied} A process has requested access to an object, but has not been granted those access rights. (0xc0000022)
[0305/002341.397:ERROR:exception_snapshot_win.cc(98)] thread ID 8672 not found in process
[0305/003217.924:ERROR:process_reader_win.cc(123)] NtOpenThread: {Access Denied} A process has requested access to an object, but has not been granted those access rights. (0xc0000022)
[0305/003217.937:ERROR:exception_snapshot_win.cc(98)] thread ID 7736 not found in process
[0305/003218.125:ERROR:process_reader_win.cc(123)] NtOpenThread: {Access Denied} A process has requested access to an object, but has not been granted those access rights. (0xc0000022)
[0305/003218.125:ERROR:exception_snapshot_win.cc(98)] thread ID 4388 not found in process
[0305/003454.737:ERROR:process_reader_win.cc(151)] SuspendThread: Access is denied. (0x5)
[0305/003454.769:ERROR:process_reader_win.cc(123)] NtOpenThread: {Access Denied} A process has requested access to an object, but has not been granted those access rights. (0xc0000022)
[0305/003454.787:ERROR:exception_snapshot_win.cc(98)] thread ID 7736 not found in process
[0305/003454.787:ERROR:process_reader_win.cc(151)] SuspendThread: Access is denied. (0x5)
[0305/003454.787:ERROR:process_reader_win.cc(123)] NtOpenThread: {Access Denied} A process has requested access to an object, but has not been granted those access rights. (0xc0000022)
[0305/003454.787:ERROR:exception_snapshot_win.cc(98)] thread ID 13728 not found in process
[0305/003454.842:ERROR:process_reader_win.cc(123)] NtOpenThread: {Access Denied} A process has requested access to an object, but has not been granted those access rights. (0xc0000022)
[0305/003454.842:ERROR:exception_snapshot_win.cc(98)] thread ID 2168 not found in process
[0305/004625.290:ERROR:process_reader_win.cc(123)] NtOpenThread: {Access Denied} A process has requested access to an object, but has not been granted those access rights. (0xc0000022)
[0305/004625.307:ERROR:exception_snapshot_win.cc(98)] thread ID 10220 not found in process
[0305/004625.363:ERROR:process_reader_win.cc(123)] NtOpenThread: {Access Denied} A process has requested access to an object, but has not been granted those access rights. (0xc0000022)
[0305/004625.363:ERROR:exception_snapshot_win.cc(98)] thread ID 1028 not found in process
[0305/005546.842:ERROR:process_reader_win.cc(123)] NtOpenThread: {Access Denied} A process has requested access to an object, but has not been granted those access rights. (0xc0000022)
[0305/005546.844:ERROR:process_reader_win.cc(123)] NtOpenThread: {Access Denied} A process has requested access to an object, but has not been granted those access rights. (0xc0000022)
[0305/005546.878:ERROR:exception_snapshot_win.cc(98)] thread ID 13156 not found in process
[0305/005546.878:ERROR:exception_snapshot_win.cc(98)] thread ID 17388 not found in process
[0305/010132.074:ERROR:process_reader_win.cc(123)] NtOpenThread: {Access Denied} A process has requested access to an object, but has not been granted those access rights. (0xc0000022)
[0305/010132.081:ERROR:process_reader_win.cc(123)] NtOpenThread: {Access Denied} A process has requested access to an object, but has not been granted those access rights. (0xc0000022)
[0305/010132.111:ERROR:exception_snapshot_win.cc(98)] thread ID 4112 not found in process
[0305/010132.111:ERROR:exception_snapshot_win.cc(98)] thread ID 12900 not found in process
[0305/010456.904:ERROR:process_reader_win.cc(123)] NtOpenThread: {Access Denied} A process has requested access to an object, but has not been granted those access rights. (0xc0000022)
[0305/010456.917:ERROR:exception_snapshot_win.cc(98)] thread ID 1692 not found in process
[0305/010456.988:ERROR:process_reader_win.cc(123)] NtOpenThread: {Access Denied} A process has requested access to an object, but has not been granted those access rights. (0xc0000022)
[0305/010456.988:ERROR:exception_snapshot_win.cc(98)] thread ID 17156 not found in process
[0305/011835.342:ERROR:process_reader_win.cc(123)] NtOpenThread: {Access Denied} A process has requested access to an object, but has not been granted those access rights. (0xc0000022)
[0305/011835.363:ERROR:exception_snapshot_win.cc(98)] thread ID 6256 not found in process
[0305/011835.439:ERROR:process_reader_win.cc(123)] NtOpenThread: {Access Denied} A process has requested access to an object, but has not been granted those access rights. (0xc0000022)
[0305/011835.439:ERROR:exception_snapshot_win.cc(98)] thread ID 14636 not found in process
[0305/020453.021:ERROR:process_reader_win.cc(123)] NtOpenThread: {Access Denied} A process has requested access to an object, but has not been granted those access rights. (0xc0000022)
[0305/020453.045:ERROR:exception_snapshot_win.cc(98)] thread ID 10640 not found in process
[0305/020453.206:ERROR:process_reader_win.cc(123)] NtOpenThread: {Access Denied} A process has requested access to an object, but has not been granted those access rights. (0xc0000022)
[0305/020453.206:ERROR:exception_snapshot_win.cc(98)] thread ID 2212 not found in process
[0305/120538.100:ERROR:process_reader_win.cc(123)] NtOpenThread: {Access Denied} A process has requested access to an object, but has not been granted those access rights. (0xc0000022)
[0305/120538.168:ERROR:exception_snapshot_win.cc(98)] thread ID 13424 not found in process
[0305/120538.661:ERROR:process_reader_win.cc(123)] NtOpenThread: {Access Denied} A process has requested access to an object, but has not been granted those access rights. (0xc0000022)
[0305/120538.661:ERROR:exception_snapshot_win.cc(98)] thread ID 6308 not found in process
[0305/235829.770:ERROR:process_reader_win.cc(123)] NtOpenThread: {Access Denied} A process has requested access to an object, but has not been granted those access rights. (0xc0000022)
[0305/235829.875:ERROR:exception_snapshot_win.cc(98)] thread ID 14176 not found in process
[0305/235829.963:ERROR:process_reader_win.cc(123)] NtOpenThread: {Access Denied} A process has requested access to an object, but has not been granted those access rights. (0xc0000022)
[0305/235829.963:ERROR:exception_snapshot_win.cc(98)] thread ID 13136 not found in process
[0306/000322.568:ERROR:process_reader_win.cc(123)] NtOpenThread: {Access Denied} A process has requested access to an object, but has not been granted those access rights. (0xc0000022)
[0306/000322.583:ERROR:exception_snapshot_win.cc(98)] thread ID 11036 not found in process
[0306/000322.607:ERROR:process_reader_win.cc(123)] NtOpenThread: {Access Denied} A process has requested access to an object, but has not been granted those access rights. (0xc0000022)
[0306/000322.607:ERROR:exception_snapshot_win.cc(98)] thread ID 13900 not found in process
[0306/003520.939:ERROR:process_reader_win.cc(123)] NtOpenThread: {Access Denied} A process has requested access to an object, but has not been granted those access rights. (0xc0000022)
[0306/003520.961:ERROR:exception_snapshot_win.cc(98)] thread ID 9984 not found in process
[0306/003520.977:ERROR:process_info.cc(329)] VirtualQueryEx: Access is denied. (0x5)
[0306/003520.977:ERROR:process_info.cc(556)] ReadMemoryInfo failed
[0306/003520.977:ERROR:process_memory_win.cc(39)] Failed to initialize ProcessInfo.
[0306/003520.981:ERROR:scoped_process_suspend.cc(40)] NtResumeProcess: An attempt was made to access an exiting process. (0xc000010a)
[0306/005926.529:ERROR:process_reader_win.cc(123)] NtOpenThread: {Access Denied} A process has requested access to an object, but has not been granted those access rights. (0xc0000022)
[0306/005926.541:ERROR:exception_snapshot_win.cc(98)] thread ID 18100 not found in process
[0306/005926.669:ERROR:process_reader_win.cc(123)] NtOpenThread: {Access Denied} A process has requested access to an object, but has not been granted those access rights. (0xc0000022)
[0306/005926.669:ERROR:exception_snapshot_win.cc(98)] thread ID 19292 not found in process
[0307/122552.370:ERROR:process_reader_win.cc(123)] NtOpenThread: {Access Denied} A process has requested access to an object, but has not been granted those access rights. (0xc0000022)
[0307/122552.390:ERROR:exception_snapshot_win.cc(98)] thread ID 17676 not found in process
[0307/122552.478:ERROR:process_reader_win.cc(123)] NtOpenThread: {Access Denied} A process has requested access to an object, but has not been granted those access rights. (0xc0000022)
[0307/122552.478:ERROR:exception_snapshot_win.cc(98)] thread ID 16768 not found in process
[0307/122721.536:ERROR:process_reader_win.cc(123)] NtOpenThread: {Access Denied} A process has requested access to an object, but has not been granted those access rights. (0xc0000022)
[0307/122721.549:ERROR:exception_snapshot_win.cc(98)] thread ID 14300 not found in process
[0307/122721.550:ERROR:process_reader_win.cc(123)] NtOpenThread: {Access Denied} A process has requested access to an object, but has not been granted those access rights. (0xc0000022)
[0307/122721.550:ERROR:exception_snapshot_win.cc(98)] thread ID 8396 not found in process
[0307/123327.535:ERROR:process_reader_win.cc(123)] NtOpenThread: {Access Denied} A process has requested access to an object, but has not been granted those access rights. (0xc0000022)
[0307/123327.555:ERROR:process_reader_win.cc(123)] NtOpenThread: {Access Denied} A process has requested access to an object, but has not been granted those access rights. (0xc0000022)
[0307/123327.580:ERROR:exception_snapshot_win.cc(98)] thread ID 4064 not found in process
[0307/123327.580:ERROR:exception_snapshot_win.cc(98)] thread ID 2728 not found in process
[0307/130523.149:ERROR:process_reader_win.cc(123)] NtOpenThread: {Access Denied} A process has requested access to an object, but has not been granted those access rights. (0xc0000022)
[0307/130523.166:ERROR:exception_snapshot_win.cc(98)] thread ID 8272 not found in process
[0307/130523.254:ERROR:process_reader_win.cc(123)] NtOpenThread: {Access Denied} A process has requested access to an object, but has not been granted those access rights. (0xc0000022)
[0307/130523.254:ERROR:exception_snapshot_win.cc(98)] thread ID 8400 not found in process
[0307/134432.217:ERROR:file_io.cc(89)] ReadExactly: expected 36, observed 0
[0307/135022.855:ERROR:process_reader_win.cc(123)] NtOpenThread: {Access Denied} A process has requested access to an object, but has not been granted those access rights. (0xc0000022)
[0307/135022.859:ERROR:exception_snapshot_win.cc(98)] thread ID 3508 not found in process
[0307/135022.876:ERROR:process_reader_win.cc(123)] NtOpenThread: {Access Denied} A process has requested access to an object, but has not been granted those access rights. (0xc0000022)
[0307/135022.877:ERROR:exception_snapshot_win.cc(98)] thread ID 9672 not found in process
[0307/153647.317:ERROR:process_reader_win.cc(123)] NtOpenThread: {Access Denied} A process has requested access to an object, but has not been granted those access rights. (0xc0000022)
[0307/153647.330:ERROR:exception_snapshot_win.cc(98)] thread ID 16056 not found in process
[0307/153647.403:ERROR:process_reader_win.cc(123)] NtOpenThread: {Access Denied} A process has requested access to an object, but has not been granted those access rights. (0xc0000022)
[0307/153647.403:ERROR:exception_snapshot_win.cc(98)] thread ID 15800 not found in process
[0307/154022.765:ERROR:process_reader_win.cc(123)] NtOpenThread: {Access Denied} A process has requested access to an object, but has not been granted those access rights. (0xc0000022)
[0307/154022.788:ERROR:process_reader_win.cc(123)] NtOpenThread: {Access Denied} A process has requested access to an object, but has not been granted those access rights. (0xc0000022)
[0307/154022.792:ERROR:exception_snapshot_win.cc(98)] thread ID 13884 not found in process
[0307/154022.792:ERROR:exception_snapshot_win.cc(98)] thread ID 17744 not found in process
[0307/154347.943:ERROR:process_reader_win.cc(123)] NtOpenThread: {Access Denied} A process has requested access to an object, but has not been granted those access rights. (0xc0000022)
[0307/154347.944:ERROR:exception_snapshot_win.cc(98)] thread ID 15644 not found in process
[0307/154348.061:ERROR:process_reader_win.cc(123)] NtOpenThread: {Access Denied} A process has requested access to an object, but has not been granted those access rights. (0xc0000022)
[0307/154348.062:ERROR:exception_snapshot_win.cc(98)] thread ID 7712 not found in process
[0307/155149.441:ERROR:process_reader_win.cc(123)] NtOpenThread: {Access Denied} A process has requested access to an object, but has not been granted those access rights. (0xc0000022)
[0307/155149.441:ERROR:exception_snapshot_win.cc(98)] thread ID 12140 not found in process
[0307/155149.499:ERROR:process_reader_win.cc(123)] NtOpenThread: {Access Denied} A process has requested access to an object, but has not been granted those access rights. (0xc0000022)
[0307/155149.499:ERROR:exception_snapshot_win.cc(98)] thread ID 3816 not found in process
[0307/164029.590:ERROR:process_reader_win.cc(123)] NtOpenThread: {Access Denied} A process has requested access to an object, but has not been granted those access rights. (0xc0000022)
[0307/164031.726:ERROR:exception_snapshot_win.cc(98)] thread ID 14988 not found in process
[0307/164036.882:ERROR:process_reader_win.cc(123)] NtOpenThread: {Access Denied} A process has requested access to an object, but has not been granted those access rights. (0xc0000022)
[0307/164036.882:ERROR:exception_snapshot_win.cc(98)] thread ID 19288 not found in process
[0308/015535.098:ERROR:process_reader_win.cc(123)] NtOpenThread: {Access Denied} A process has requested access to an object, but has not been granted those access rights. (0xc0000022)
[0308/015535.194:ERROR:exception_snapshot_win.cc(98)] thread ID 5108 not found in process
[0308/015535.937:ERROR:process_reader_win.cc(123)] NtOpenThread: {Access Denied} A process has requested access to an object, but has not been granted those access rights. (0xc0000022)
[0308/015535.937:ERROR:exception_snapshot_win.cc(98)] thread ID 5572 not found in process
[0308/015613.524:ERROR:process_reader_win.cc(123)] NtOpenThread: {Access Denied} A process has requested access to an object, but has not been granted those access rights. (0xc0000022)
[0308/015613.622:ERROR:exception_snapshot_win.cc(98)] thread ID 19672 not found in process
[0308/015614.484:ERROR:process_reader_win.cc(123)] NtOpenThread: {Access Denied} A process has requested access to an object, but has not been granted those access rights. (0xc0000022)
[0308/015614.484:ERROR:exception_snapshot_win.cc(98)] thread ID 20404 not found in process
[0308/185104.908:ERROR:process_reader_win.cc(123)] NtOpenThread: {Access Denied} A process has requested access to an object, but has not been granted those access rights. (0xc0000022)
[0308/185105.212:ERROR:exception_snapshot_win.cc(98)] thread ID 4900 not found in process
[0308/185105.603:ERROR:process_reader_win.cc(123)] NtOpenThread: {Access Denied} A process has requested access to an object, but has not been granted those access rights. (0xc0000022)
[0308/185105.603:ERROR:exception_snapshot_win.cc(98)] thread ID 20364 not found in process
[0308/185113.129:ERROR:process_reader_win.cc(123)] NtOpenThread: {Access Denied} A process has requested access to an object, but has not been granted those access rights. (0xc0000022)
[0308/185113.130:ERROR:exception_snapshot_win.cc(98)] thread ID 17068 not found in process
[0308/185113.159:ERROR:process_reader_win.cc(123)] NtOpenThread: {Access Denied} A process has requested access to an object, but has not been granted those access rights. (0xc0000022)
[0308/185113.159:ERROR:exception_snapshot_win.cc(98)] thread ID 4840 not found in process
[0309/013144.228:ERROR:process_reader_win.cc(123)] NtOpenThread: {Access Denied} A process has requested access to an object, but has not been granted those access rights. (0xc0000022)
[0309/013144.577:ERROR:exception_snapshot_win.cc(98)] thread ID 19304 not found in process
[0309/013145.018:ERROR:process_reader_win.cc(123)] NtOpenThread: {Access Denied} A process has requested access to an object, but has not been granted those access rights. (0xc0000022)
[0309/013145.022:ERROR:exception_snapshot_win.cc(98)] thread ID 19316 not found in process
[0309/013314.821:ERROR:process_reader_win.cc(123)] NtOpenThread: {Access Denied} A process has requested access to an object, but has not been granted those access rights. (0xc0000022)
[0309/013314.821:ERROR:exception_snapshot_win.cc(98)] thread ID 1300 not found in process
[0309/013315.005:ERROR:process_reader_win.cc(123)] NtOpenThread: {Access Denied} A process has requested access to an object, but has not been granted those access rights. (0xc0000022)
[0309/013315.005:ERROR:exception_snapshot_win.cc(98)] thread ID 1932 not found in process
[0309/181544.626:ERROR:process_reader_win.cc(123)] NtOpenThread: {Access Denied} A process has requested access to an object, but has not been granted those access rights. (0xc0000022)
[0309/181544.927:ERROR:exception_snapshot_win.cc(98)] thread ID 8288 not found in process
[0309/181545.520:ERROR:process_reader_win.cc(123)] NtOpenThread: {Access Denied} A process has requested access to an object, but has not been granted those access rights. (0xc0000022)
[0309/181545.520:ERROR:exception_snapshot_win.cc(98)] thread ID 9700 not found in process
[0309/181551.900:ERROR:process_reader_win.cc(123)] NtOpenThread: {Access Denied} A process has requested access to an object, but has not been granted those access rights. (0xc0000022)
[0309/181551.929:ERROR:exception_snapshot_win.cc(98)] thread ID 16776 not found in process
[0309/181552.184:ERROR:process_reader_win.cc(123)] NtOpenThread: {Access Denied} A process has requested access to an object, but has not been granted those access rights. (0xc0000022)
[0309/181552.184:ERROR:exception_snapshot_win.cc(98)] thread ID 11652 not found in process
[0309/181557.844:ERROR:process_reader_win.cc(123)] NtOpenThread: {Access Denied} A process has requested access to an object, but has not been granted those access rights. (0xc0000022)
[0309/181557.953:ERROR:exception_snapshot_win.cc(98)] thread ID 8508 not found in process
[0309/181558.259:ERROR:process_reader_win.cc(123)] NtOpenThread: {Access Denied} A process has requested access to an object, but has not been granted those access rights. (0xc0000022)
[0309/181558.259:ERROR:exception_snapshot_win.cc(98)] thread ID 16568 not found in process
[0309/211100.153:ERROR:process_reader_win.cc(123)] NtOpenThread: {Access Denied} A process has requested access to an object, but has not been granted those access rights. (0xc0000022)
[0309/211100.186:ERROR:exception_snapshot_win.cc(98)] thread ID 15768 not found in process
[0309/211100.223:ERROR:process_reader_win.cc(123)] NtOpenThread: {Access Denied} A process has requested access to an object, but has not been granted those access rights. (0xc0000022)
[0309/211100.240:ERROR:exception_snapshot_win.cc(98)] thread ID 18888 not found in process
[0309/211509.035:ERROR:process_reader_win.cc(123)] NtOpenThread: {Access Denied} A process has requested access to an object, but has not been granted those access rights. (0xc0000022)
[0309/211509.035:ERROR:exception_snapshot_win.cc(98)] thread ID 1672 not found in process
[0309/211509.050:ERROR:process_info.cc(329)] VirtualQueryEx: Access is denied. (0x5)
[0309/211509.050:ERROR:process_info.cc(556)] ReadMemoryInfo failed
[0309/211509.050:ERROR:process_memory_win.cc(39)] Failed to initialize ProcessInfo.
[0309/211509.050:ERROR:scoped_process_suspend.cc(40)] NtResumeProcess: An attempt was made to access an exiting process. (0xc000010a)
